<?xml version="1.0" encoding="UTF-8"?>
<!-- Generated by org.testng.reporters.JUnitXMLReporter -->
<testsuite ignored="0" hostname="LAMU02FN5ZCMD6R.uhc.com." failures="0" tests="9" name="Command line test" time="0.105" errors="0" timestamp="2022-07-08T17:44:06 IST">
  <testcase classname="com.experian.qa.testcases.TermsAndConditionsTest" name="@BeforeMethod setup" time="0.071">
    <failure type="java.lang.NoSuchMethodError" message="&amp;apos;com.google.common.collect.ImmutableMap com.google.common.collect.ImmutableMap.of(java.lang.Object, java.lang.Object, java.lang.Object, java.lang.Object, java.lang.Object, java.lang.Object, java.lang.Object, java.lang.Object, java.lang.Object, java.lang.Object, java.lang.Object, java.lang.Object)&amp;apos;">
      <![CDATA[java.lang.NoSuchMethodError: 'com.google.common.collect.ImmutableMap com.google.common.collect.ImmutableMap.of(java.lang.Object, java.lang.Object, java.lang.Object, java.lang.Object, java.lang.Object, java.lang.Object, java.lang.Object, java.lang.Object, java.lang.Object, java.lang.Object, java.lang.Object, java.lang.Object)'
at org.openqa.selenium.chrome.AddHasCasting.getAdditionalCommands(AddHasCasting.java:38)
at org.openqa.selenium.chrome.ChromeDriver$ChromeDriverCommandExecutor.getExtraCommands(ChromeDriver.java:123)
at org.openqa.selenium.chrome.ChromeDriver$ChromeDriverCommandExecutor.<init>(ChromeDriver.java:118)
at org.openqa.selenium.chrome.ChromeDriver.<init>(ChromeDriver.java:106)
at org.openqa.selenium.chrome.ChromeDriver.<init>(ChromeDriver.java:93)
at org.openqa.selenium.chrome.ChromeDriver.<init>(ChromeDriver.java:48)
at com.experian.qa.base.TestBase.initialization(TestBase.java:58)
at com.experian.qa.testcases.TermsAndConditionsTest.setup(TermsAndConditionsTest.java:26)
at java.base/java.util.ArrayList.forEach(ArrayList.java:1541)
... Removed 41 stack frames]]>
    </failure>
  </testcase> <!-- @BeforeMethod setup -->
  <testcase classname="com.experian.qa.testcases.TermsAndConditionsTest" name="@AfterMethod tearDown" time="0.0">
    <skipped/>
  </testcase> <!-- @AfterMethod tearDown -->
  <testcase classname="com.experian.qa.testcases.ConsolidatingOtherDebtsTest" name="@BeforeMethod setup" time="0.0">
    <failure type="java.lang.NoSuchMethodError" message="&amp;apos;com.google.common.collect.ImmutableMap com.google.common.collect.ImmutableMap.of(java.lang.Object, java.lang.Object, java.lang.Object, java.lang.Object, java.lang.Object, java.lang.Object, java.lang.Object, java.lang.Object, java.lang.Object, java.lang.Object, java.lang.Object, java.lang.Object)&amp;apos;">
      <![CDATA[java.lang.NoSuchMethodError: 'com.google.common.collect.ImmutableMap com.google.common.collect.ImmutableMap.of(java.lang.Object, java.lang.Object, java.lang.Object, java.lang.Object, java.lang.Object, java.lang.Object, java.lang.Object, java.lang.Object, java.lang.Object, java.lang.Object, java.lang.Object, java.lang.Object)'
at org.openqa.selenium.chrome.AddHasCasting.getAdditionalCommands(AddHasCasting.java:38)
at org.openqa.selenium.chrome.ChromeDriver$ChromeDriverCommandExecutor.getExtraCommands(ChromeDriver.java:123)
at org.openqa.selenium.chrome.ChromeDriver$ChromeDriverCommandExecutor.<init>(ChromeDriver.java:118)
at org.openqa.selenium.chrome.ChromeDriver.<init>(ChromeDriver.java:106)
at org.openqa.selenium.chrome.ChromeDriver.<init>(ChromeDriver.java:93)
at org.openqa.selenium.chrome.ChromeDriver.<init>(ChromeDriver.java:48)
at com.experian.qa.base.TestBase.initialization(TestBase.java:58)
at com.experian.qa.testcases.ConsolidatingOtherDebtsTest.setup(ConsolidatingOtherDebtsTest.java:33)
at java.base/java.util.ArrayList.forEach(ArrayList.java:1541)
... Removed 41 stack frames]]>
    </failure>
  </testcase> <!-- @BeforeMethod setup -->
  <testcase classname="com.experian.qa.testcases.ConsolidatingOtherDebtsTest" name="@AfterMethod tearDown" time="0.0">
    <skipped/>
  </testcase> <!-- @AfterMethod tearDown -->
  <testcase classname="com.experian.qa.testcases.ConsolidatingOtherDebtsTest" name="@BeforeMethod setup" time="0.0">
    <skipped/>
  </testcase> <!-- @BeforeMethod setup -->
  <testcase classname="com.experian.qa.testcases.ConsolidatingOtherDebtsTest" name="@AfterMethod tearDown" time="0.0">
    <skipped/>
  </testcase> <!-- @AfterMethod tearDown -->
  <testcase classname="com.experian.qa.testcases.ConsolidatingOtherDebtsTest" name="@BeforeMethod setup" time="0.0">
    <skipped/>
  </testcase> <!-- @BeforeMethod setup -->
  <testcase classname="com.experian.qa.testcases.ConsolidatingOtherDebtsTest" name="@AfterMethod tearDown" time="0.0">
    <skipped/>
  </testcase> <!-- @AfterMethod tearDown -->
  <testcase classname="com.experian.qa.testcases.ConsolidatingOtherDebtsTest" name="@BeforeMethod setup" time="0.0">
    <skipped/>
  </testcase> <!-- @BeforeMethod setup -->
  <testcase classname="com.experian.qa.testcases.ConsolidatingOtherDebtsTest" name="@AfterMethod tearDown" time="0.0">
    <skipped/>
  </testcase> <!-- @AfterMethod tearDown -->
  <testcase classname="com.experian.qa.testcases.ConsolidatingOtherDebtsTest" name="@BeforeMethod setup" time="0.0">
    <skipped/>
  </testcase> <!-- @BeforeMethod setup -->
  <testcase classname="com.experian.qa.testcases.ConsolidatingOtherDebtsTest" name="@AfterMethod tearDown" time="0.0">
    <skipped/>
  </testcase> <!-- @AfterMethod tearDown -->
  <testcase classname="com.experian.qa.testcases.HomePageTest" name="@BeforeMethod setup" time="0.001">
    <failure type="java.lang.NoSuchMethodError" message="&amp;apos;com.google.common.collect.ImmutableMap com.google.common.collect.ImmutableMap.of(java.lang.Object, java.lang.Object, java.lang.Object, java.lang.Object, java.lang.Object, java.lang.Object, java.lang.Object, java.lang.Object, java.lang.Object, java.lang.Object, java.lang.Object, java.lang.Object)&amp;apos;">
      <![CDATA[java.lang.NoSuchMethodError: 'com.google.common.collect.ImmutableMap com.google.common.collect.ImmutableMap.of(java.lang.Object, java.lang.Object, java.lang.Object, java.lang.Object, java.lang.Object, java.lang.Object, java.lang.Object, java.lang.Object, java.lang.Object, java.lang.Object, java.lang.Object, java.lang.Object)'
at org.openqa.selenium.chrome.AddHasCasting.getAdditionalCommands(AddHasCasting.java:38)
at org.openqa.selenium.chrome.ChromeDriver$ChromeDriverCommandExecutor.getExtraCommands(ChromeDriver.java:123)
at org.openqa.selenium.chrome.ChromeDriver$ChromeDriverCommandExecutor.<init>(ChromeDriver.java:118)
at org.openqa.selenium.chrome.ChromeDriver.<init>(ChromeDriver.java:106)
at org.openqa.selenium.chrome.ChromeDriver.<init>(ChromeDriver.java:93)
at org.openqa.selenium.chrome.ChromeDriver.<init>(ChromeDriver.java:48)
at com.experian.qa.base.TestBase.initialization(TestBase.java:58)
at com.experian.qa.testcases.HomePageTest.setup(HomePageTest.java:25)
at java.base/java.util.ArrayList.forEach(ArrayList.java:1541)
... Removed 41 stack frames]]>
    </failure>
  </testcase> <!-- @BeforeMethod setup -->
  <testcase classname="com.experian.qa.testcases.HomePageTest" name="@AfterMethod tearDown" time="0.0">
    <skipped/>
  </testcase> <!-- @AfterMethod tearDown -->
  <testcase classname="com.experian.qa.testcases.HomePageTest" name="@BeforeMethod setup" time="0.0">
    <skipped/>
  </testcase> <!-- @BeforeMethod setup -->
  <testcase classname="com.experian.qa.testcases.HomePageTest" name="@AfterMethod tearDown" time="0.0">
    <skipped/>
  </testcase> <!-- @AfterMethod tearDown -->
  <testcase classname="com.experian.qa.testcases.HomePageTest" name="@BeforeMethod setup" time="0.0">
    <skipped/>
  </testcase> <!-- @BeforeMethod setup -->
  <testcase classname="com.experian.qa.testcases.HomePageTest" name="@AfterMethod tearDown" time="0.0">
    <skipped/>
  </testcase> <!-- @AfterMethod tearDown -->
  <testcase classname="com.experian.qa.testcases.TermsAndConditionsTest" name="validateTitleTest" time="0.0">
    <skipped/>
  </testcase> <!-- validateTitleTest -->
  <testcase classname="com.experian.qa.testcases.ConsolidatingOtherDebtsTest" name="invalidBorrowAmountLessThen500Test" time="0.0">
    <skipped/>
  </testcase> <!-- invalidBorrowAmountLessThen500Test -->
  <testcase classname="com.experian.qa.testcases.ConsolidatingOtherDebtsTest" name="invalidBorrowAmountLessThen500Test" time="0.0">
    <skipped/>
  </testcase> <!-- invalidBorrowAmountLessThen500Test -->
  <testcase classname="com.experian.qa.testcases.ConsolidatingOtherDebtsTest" name="invalidBorrowAmountLessThen500Test" time="0.0">
    <skipped/>
  </testcase> <!-- invalidBorrowAmountLessThen500Test -->
  <testcase classname="com.experian.qa.testcases.ConsolidatingOtherDebtsTest" name="invalidBorrowAmountLessThen500Test" time="0.0">
    <skipped/>
  </testcase> <!-- invalidBorrowAmountLessThen500Test -->
  <testcase classname="com.experian.qa.testcases.ConsolidatingOtherDebtsTest" name="invalidBorrowAmountMoreThen50000Test" time="0.0">
    <skipped/>
  </testcase> <!-- invalidBorrowAmountMoreThen50000Test -->
  <testcase classname="com.experian.qa.testcases.HomePageTest" name="verifyCarInsuranceTabtest" time="0.0">
    <skipped/>
  </testcase> <!-- verifyCarInsuranceTabtest -->
  <testcase classname="com.experian.qa.testcases.HomePageTest" name="verifyCreditCardTabtest" time="0.0">
    <skipped/>
  </testcase> <!-- verifyCreditCardTabtest -->
  <testcase classname="com.experian.qa.testcases.HomePageTest" name="verifyLoansTabtest" time="0.0">
    <skipped/>
  </testcase> <!-- verifyLoansTabtest -->
</testsuite> <!-- Command line test -->
