<!DOCTYPE html PUBLIC "-//W3C//DTD XHTML 1.1//EN" "https://www.w3.org/TR/xhtml11/DTD/xhtml11.dtd">
<html xmlns="https://www.w3.org/1999/xhtml">
<head>
<meta http-equiv="content-type" content="text/html; charset=UTF-8"/>
<title>TestNG Report</title>
<style type="text/css">table {margin-bottom:10px;border-collapse:collapse;empty-cells:show}th,td {border:1px solid #009;padding:.25em .5em}th {vertical-align:bottom}td {vertical-align:top}table a {font-weight:bold}.stripe td {background-color: #E6EBF9}.num {text-align:right}.passedodd td {background-color: #3F3}.passedeven td {background-color: #0A0}.skippedodd td {background-color: #DDD}.skippedeven td {background-color: #CCC}.failedodd td,.attn {background-color: #F33}.failedeven td,.stripe .attn {background-color: #D00}.stacktrace {white-space:pre;font-family:monospace}.totop {font-size:85%;text-align:center;border-bottom:2px solid #000}.invisible {display:none}</style>
</head>
<body>
<table>
<tr><th>Test</th><th># Passed</th><th># Skipped</th><th># Retried</th><th># Failed</th><th>Time (ms)</th><th>Included Groups</th><th>Excluded Groups</th></tr>
<tr><th colspan="8">Command line suite</th></tr>
<tr><td><a href="#t0">Command line test</a></td><td class="num">0</td><td class="num attn">9</td><td class="num">0</td><td class="num">0</td><td class="num">70,961</td><td></td><td></td></tr>
</table>
<table id='summary'><thead><tr><th>Class</th><th>Method</th><th>Start</th><th>Time (ms)</th></tr></thead><tbody><tr><th colspan="4">Command line suite</th></tr></tbody><tbody id="t0"><tr><th colspan="4">Command line test &#8212; failed (configuration methods)</th></tr><tr class="failedeven"><td rowspan="5">com.experian.qa.testcases.ConsolidatingOtherDebtsTest</td><td><a href="#m0">setup</a></td><td rowspan="1">1657284425323</td><td rowspan="1">23196</td></tr><tr class="failedeven"><td><a href="#m1">tearDown</a></td><td rowspan="4">1657284448703</td><td rowspan="4">3</td></tr><tr class="failedeven"><td><a href="#m2">tearDown</a></td></tr><tr class="failedeven"><td><a href="#m3">tearDown</a></td></tr><tr class="failedeven"><td><a href="#m4">tearDown</a></td></tr><tr class="failedodd"><td rowspan="1">com.experian.qa.testcases.HomePageTest</td><td><a href="#m5">setup</a></td><td rowspan="1">1657284448712</td><td rowspan="1">19404</td></tr><tr class="failedeven"><td rowspan="1">com.experian.qa.testcases.TermsAndConditionsTest</td><td><a href="#m6">setup</a></td><td rowspan="1">1657284398376</td><td rowspan="1">25744</td></tr><tr><th colspan="4">Command line test &#8212; skipped (configuration methods)</th></tr><tr class="skippedeven"><td rowspan="4">com.experian.qa.testcases.ConsolidatingOtherDebtsTest</td><td><a href="#m7">setup</a></td><td rowspan="4">1657284448698</td><td rowspan="4">0</td></tr><tr class="skippedeven"><td><a href="#m8">setup</a></td></tr><tr class="skippedeven"><td><a href="#m9">setup</a></td></tr><tr class="skippedeven"><td><a href="#m10">setup</a></td></tr><tr class="skippedodd"><td rowspan="2">com.experian.qa.testcases.HomePageTest</td><td><a href="#m11">setup</a></td><td rowspan="2">1657284469313</td><td rowspan="2">0</td></tr><tr class="skippedodd"><td><a href="#m12">setup</a></td></tr><tr><th colspan="4">Command line test &#8212; skipped</th></tr><tr class="skippedeven"><td rowspan="5">com.experian.qa.testcases.ConsolidatingOtherDebtsTest</td><td><a href="#m13">invalidBorrowAmountLessThen500Test</a></td><td rowspan="4">1657284448520</td><td rowspan="4">0</td></tr><tr class="skippedeven"><td><a href="#m14">invalidBorrowAmountLessThen500Test</a></td></tr><tr class="skippedeven"><td><a href="#m15">invalidBorrowAmountLessThen500Test</a></td></tr><tr class="skippedeven"><td><a href="#m16">invalidBorrowAmountLessThen500Test</a></td></tr><tr class="skippedeven"><td><a href="#m17">invalidBorrowAmountMoreThen50000Test</a></td><td rowspan="1">1657284448708</td><td rowspan="1">0</td></tr><tr class="skippedodd"><td rowspan="3">com.experian.qa.testcases.HomePageTest</td><td><a href="#m18">verifyCarInsuranceTabtest</a></td><td rowspan="1">1657284468116</td><td rowspan="1">0</td></tr><tr class="skippedodd"><td><a href="#m19">verifyCreditCardTabtest</a></td><td rowspan="1">1657284469314</td><td rowspan="1">0</td></tr><tr class="skippedodd"><td><a href="#m20">verifyLoansTabtest</a></td><td rowspan="1">1657284469315</td><td rowspan="1">0</td></tr><tr class="skippedeven"><td rowspan="1">com.experian.qa.testcases.TermsAndConditionsTest</td><td><a href="#m21">validateTitleTest</a></td><td rowspan="1">1657284424123</td><td rowspan="1">0</td></tr></tbody>
</table>
<h2>Command line test</h2><h3 id="m0">com.experian.qa.testcases.ConsolidatingOtherDebtsTest#setup</h3><table class="result"><tr class="param"><th>Parameter #1</th></tr><tr class="param stripe"><td>chrome</td></tr><tr><th>Exception</th></tr><tr><td><div class="stacktrace">java.lang.NoClassDefFoundError: org/openqa/selenium/interactions/internal/Locatable
	at org.openqa.selenium.support.pagefactory.DefaultFieldDecorator.proxyForLocator(DefaultFieldDecorator.java:101)
	at org.openqa.selenium.support.pagefactory.DefaultFieldDecorator.decorate(DefaultFieldDecorator.java:62)
	at org.openqa.selenium.support.PageFactory.proxyFields(PageFactory.java:113)
	at org.openqa.selenium.support.PageFactory.initElements(PageFactory.java:105)
	at org.openqa.selenium.support.PageFactory.initElements(PageFactory.java:92)
	at org.openqa.selenium.support.PageFactory.initElements(PageFactory.java:79)
	at com.experian.qa.pages.ConsolidatingOtherDebts.&lt;init&gt;(ConsolidatingOtherDebts.java:43)
	at com.experian.qa.testcases.ConsolidatingOtherDebtsTest.setup(ConsolidatingOtherDebtsTest.java:34)
	at java.base/java.util.ArrayList.forEach(ArrayList.java:1541)
... Removed 41 stack frames</div></td></tr></table><p class="totop"><a href="#summary">back to summary</a></p>
<h3 id="m1">com.experian.qa.testcases.ConsolidatingOtherDebtsTest#tearDown</h3><table class="result"><tr><th>Exception</th></tr><tr><td><div class="stacktrace">org.openqa.selenium.NoSuchSessionException: invalid session id
Build info: version: &apos;4.1.1&apos;, revision: &apos;e8fcc2cecf&apos;
System info: host: &apos;LAMU02FN5ZCMD6R.uhc.com.&apos;, ip: &apos;fe80:0:0:0:188a:d6e3:7569:808%en0&apos;, os.name: &apos;Mac OS X&apos;, os.arch: &apos;x86_64&apos;, os.version: &apos;11.5&apos;, java.version: &apos;11.0.11&apos;
Driver info: org.openqa.selenium.chrome.ChromeDriver
Command: [47044171b4c00c08678d4ed3b230f51b, close {}]
Capabilities {acceptInsecureCerts: false, browserName: chrome, browserVersion: 103.0.5060.114, chrome: {chromedriverVersion: 103.0.5060.53 (a1711811edd7..., userDataDir: /var/folders/tq/78q9w4fj581...}, goog:chromeOptions: {debuggerAddress: localhost:55739}, javascriptEnabled: true, networkConnectionEnabled: false, pageLoadStrategy: normal, platform: MAC, platformName: MAC, proxy: Proxy(), se:cdp: ws://localhost:55739/devtoo..., se:cdpVersion: 103.0.5060.114, setWindowRect: true, strictFileInteractability: false, timeouts: {implicit: 0, pageLoad: 300000, script: 30000}, unhandledPromptBehavior: dismiss and notify, webauthn:extension:credBlob: true, webauthn:extension:largeBlob: true, webauthn:virtualAuthenticators: true}
Session ID: 47044171b4c00c08678d4ed3b230f51b
	at org.openqa.selenium.remote.codec.w3c.W3CHttpResponseCodec.createException(W3CHttpResponseCodec.java:200)
	at org.openqa.selenium.remote.codec.w3c.W3CHttpResponseCodec.decode(W3CHttpResponseCodec.java:133)
	at org.openqa.selenium.remote.codec.w3c.W3CHttpResponseCodec.decode(W3CHttpResponseCodec.java:53)
	at org.openqa.selenium.remote.HttpCommandExecutor.execute(HttpCommandExecutor.java:184)
	at org.openqa.selenium.remote.service.DriverCommandExecutor.invokeExecute(DriverCommandExecutor.java:167)
	at org.openqa.selenium.remote.service.DriverCommandExecutor.execute(DriverCommandExecutor.java:142)
	at org.openqa.selenium.remote.RemoteWebDriver.execute(RemoteWebDriver.java:543)
	at org.openqa.selenium.remote.RemoteWebDriver.execute(RemoteWebDriver.java:598)
	at org.openqa.selenium.remote.RemoteWebDriver.execute(RemoteWebDriver.java:602)
	at org.openqa.selenium.remote.RemoteWebDriver.close(RemoteWebDriver.java:428)
	at com.experian.qa.testcases.ConsolidatingOtherDebtsTest.tearDown(ConsolidatingOtherDebtsTest.java:148)
	at java.base/java.util.ArrayList.forEach(ArrayList.java:1541)
... Removed 46 stack frames</div></td></tr></table><p class="totop"><a href="#summary">back to summary</a></p>
<h3 id="m2">com.experian.qa.testcases.ConsolidatingOtherDebtsTest#tearDown</h3><table class="result"><tr><th>Exception</th></tr><tr><td><div class="stacktrace">org.openqa.selenium.NoSuchSessionException: invalid session id
Build info: version: &apos;4.1.1&apos;, revision: &apos;e8fcc2cecf&apos;
System info: host: &apos;LAMU02FN5ZCMD6R.uhc.com.&apos;, ip: &apos;fe80:0:0:0:188a:d6e3:7569:808%en0&apos;, os.name: &apos;Mac OS X&apos;, os.arch: &apos;x86_64&apos;, os.version: &apos;11.5&apos;, java.version: &apos;11.0.11&apos;
Driver info: org.openqa.selenium.chrome.ChromeDriver
Command: [47044171b4c00c08678d4ed3b230f51b, close {}]
Capabilities {acceptInsecureCerts: false, browserName: chrome, browserVersion: 103.0.5060.114, chrome: {chromedriverVersion: 103.0.5060.53 (a1711811edd7..., userDataDir: /var/folders/tq/78q9w4fj581...}, goog:chromeOptions: {debuggerAddress: localhost:55739}, javascriptEnabled: true, networkConnectionEnabled: false, pageLoadStrategy: normal, platform: MAC, platformName: MAC, proxy: Proxy(), se:cdp: ws://localhost:55739/devtoo..., se:cdpVersion: 103.0.5060.114, setWindowRect: true, strictFileInteractability: false, timeouts: {implicit: 0, pageLoad: 300000, script: 30000}, unhandledPromptBehavior: dismiss and notify, webauthn:extension:credBlob: true, webauthn:extension:largeBlob: true, webauthn:virtualAuthenticators: true}
Session ID: 47044171b4c00c08678d4ed3b230f51b
	at org.openqa.selenium.remote.codec.w3c.W3CHttpResponseCodec.createException(W3CHttpResponseCodec.java:200)
	at org.openqa.selenium.remote.codec.w3c.W3CHttpResponseCodec.decode(W3CHttpResponseCodec.java:133)
	at org.openqa.selenium.remote.codec.w3c.W3CHttpResponseCodec.decode(W3CHttpResponseCodec.java:53)
	at org.openqa.selenium.remote.HttpCommandExecutor.execute(HttpCommandExecutor.java:184)
	at org.openqa.selenium.remote.service.DriverCommandExecutor.invokeExecute(DriverCommandExecutor.java:167)
	at org.openqa.selenium.remote.service.DriverCommandExecutor.execute(DriverCommandExecutor.java:142)
	at org.openqa.selenium.remote.RemoteWebDriver.execute(RemoteWebDriver.java:543)
	at org.openqa.selenium.remote.RemoteWebDriver.execute(RemoteWebDriver.java:598)
	at org.openqa.selenium.remote.RemoteWebDriver.execute(RemoteWebDriver.java:602)
	at org.openqa.selenium.remote.RemoteWebDriver.close(RemoteWebDriver.java:428)
	at com.experian.qa.testcases.ConsolidatingOtherDebtsTest.tearDown(ConsolidatingOtherDebtsTest.java:148)
	at java.base/java.util.ArrayList.forEach(ArrayList.java:1541)
... Removed 46 stack frames</div></td></tr></table><p class="totop"><a href="#summary">back to summary</a></p>
<h3 id="m3">com.experian.qa.testcases.ConsolidatingOtherDebtsTest#tearDown</h3><table class="result"><tr><th>Exception</th></tr><tr><td><div class="stacktrace">org.openqa.selenium.NoSuchSessionException: invalid session id
Build info: version: &apos;4.1.1&apos;, revision: &apos;e8fcc2cecf&apos;
System info: host: &apos;LAMU02FN5ZCMD6R.uhc.com.&apos;, ip: &apos;fe80:0:0:0:188a:d6e3:7569:808%en0&apos;, os.name: &apos;Mac OS X&apos;, os.arch: &apos;x86_64&apos;, os.version: &apos;11.5&apos;, java.version: &apos;11.0.11&apos;
Driver info: org.openqa.selenium.chrome.ChromeDriver
Command: [47044171b4c00c08678d4ed3b230f51b, close {}]
Capabilities {acceptInsecureCerts: false, browserName: chrome, browserVersion: 103.0.5060.114, chrome: {chromedriverVersion: 103.0.5060.53 (a1711811edd7..., userDataDir: /var/folders/tq/78q9w4fj581...}, goog:chromeOptions: {debuggerAddress: localhost:55739}, javascriptEnabled: true, networkConnectionEnabled: false, pageLoadStrategy: normal, platform: MAC, platformName: MAC, proxy: Proxy(), se:cdp: ws://localhost:55739/devtoo..., se:cdpVersion: 103.0.5060.114, setWindowRect: true, strictFileInteractability: false, timeouts: {implicit: 0, pageLoad: 300000, script: 30000}, unhandledPromptBehavior: dismiss and notify, webauthn:extension:credBlob: true, webauthn:extension:largeBlob: true, webauthn:virtualAuthenticators: true}
Session ID: 47044171b4c00c08678d4ed3b230f51b
	at org.openqa.selenium.remote.codec.w3c.W3CHttpResponseCodec.createException(W3CHttpResponseCodec.java:200)
	at org.openqa.selenium.remote.codec.w3c.W3CHttpResponseCodec.decode(W3CHttpResponseCodec.java:133)
	at org.openqa.selenium.remote.codec.w3c.W3CHttpResponseCodec.decode(W3CHttpResponseCodec.java:53)
	at org.openqa.selenium.remote.HttpCommandExecutor.execute(HttpCommandExecutor.java:184)
	at org.openqa.selenium.remote.service.DriverCommandExecutor.invokeExecute(DriverCommandExecutor.java:167)
	at org.openqa.selenium.remote.service.DriverCommandExecutor.execute(DriverCommandExecutor.java:142)
	at org.openqa.selenium.remote.RemoteWebDriver.execute(RemoteWebDriver.java:543)
	at org.openqa.selenium.remote.RemoteWebDriver.execute(RemoteWebDriver.java:598)
	at org.openqa.selenium.remote.RemoteWebDriver.execute(RemoteWebDriver.java:602)
	at org.openqa.selenium.remote.RemoteWebDriver.close(RemoteWebDriver.java:428)
	at com.experian.qa.testcases.ConsolidatingOtherDebtsTest.tearDown(ConsolidatingOtherDebtsTest.java:148)
	at java.base/java.util.ArrayList.forEach(ArrayList.java:1541)
... Removed 46 stack frames</div></td></tr></table><p class="totop"><a href="#summary">back to summary</a></p>
<h3 id="m4">com.experian.qa.testcases.ConsolidatingOtherDebtsTest#tearDown</h3><table class="result"><tr><th>Exception</th></tr><tr><td><div class="stacktrace">org.openqa.selenium.NoSuchSessionException: invalid session id
Build info: version: &apos;4.1.1&apos;, revision: &apos;e8fcc2cecf&apos;
System info: host: &apos;LAMU02FN5ZCMD6R.uhc.com.&apos;, ip: &apos;fe80:0:0:0:188a:d6e3:7569:808%en0&apos;, os.name: &apos;Mac OS X&apos;, os.arch: &apos;x86_64&apos;, os.version: &apos;11.5&apos;, java.version: &apos;11.0.11&apos;
Driver info: org.openqa.selenium.chrome.ChromeDriver
Command: [47044171b4c00c08678d4ed3b230f51b, close {}]
Capabilities {acceptInsecureCerts: false, browserName: chrome, browserVersion: 103.0.5060.114, chrome: {chromedriverVersion: 103.0.5060.53 (a1711811edd7..., userDataDir: /var/folders/tq/78q9w4fj581...}, goog:chromeOptions: {debuggerAddress: localhost:55739}, javascriptEnabled: true, networkConnectionEnabled: false, pageLoadStrategy: normal, platform: MAC, platformName: MAC, proxy: Proxy(), se:cdp: ws://localhost:55739/devtoo..., se:cdpVersion: 103.0.5060.114, setWindowRect: true, strictFileInteractability: false, timeouts: {implicit: 0, pageLoad: 300000, script: 30000}, unhandledPromptBehavior: dismiss and notify, webauthn:extension:credBlob: true, webauthn:extension:largeBlob: true, webauthn:virtualAuthenticators: true}
Session ID: 47044171b4c00c08678d4ed3b230f51b
	at org.openqa.selenium.remote.codec.w3c.W3CHttpResponseCodec.createException(W3CHttpResponseCodec.java:200)
	at org.openqa.selenium.remote.codec.w3c.W3CHttpResponseCodec.decode(W3CHttpResponseCodec.java:133)
	at org.openqa.selenium.remote.codec.w3c.W3CHttpResponseCodec.decode(W3CHttpResponseCodec.java:53)
	at org.openqa.selenium.remote.HttpCommandExecutor.execute(HttpCommandExecutor.java:184)
	at org.openqa.selenium.remote.service.DriverCommandExecutor.invokeExecute(DriverCommandExecutor.java:167)
	at org.openqa.selenium.remote.service.DriverCommandExecutor.execute(DriverCommandExecutor.java:142)
	at org.openqa.selenium.remote.RemoteWebDriver.execute(RemoteWebDriver.java:543)
	at org.openqa.selenium.remote.RemoteWebDriver.execute(RemoteWebDriver.java:598)
	at org.openqa.selenium.remote.RemoteWebDriver.execute(RemoteWebDriver.java:602)
	at org.openqa.selenium.remote.RemoteWebDriver.close(RemoteWebDriver.java:428)
	at com.experian.qa.testcases.ConsolidatingOtherDebtsTest.tearDown(ConsolidatingOtherDebtsTest.java:148)
	at java.base/java.util.ArrayList.forEach(ArrayList.java:1541)
... Removed 46 stack frames</div></td></tr></table><p class="totop"><a href="#summary">back to summary</a></p>
<h3 id="m5">com.experian.qa.testcases.HomePageTest#setup</h3><table class="result"><tr class="param"><th>Parameter #1</th></tr><tr class="param stripe"><td>chrome</td></tr><tr><th>Exception</th></tr><tr><td><div class="stacktrace">java.lang.NoClassDefFoundError: org/openqa/selenium/interactions/internal/Locatable
	at org.openqa.selenium.support.pagefactory.DefaultFieldDecorator.proxyForLocator(DefaultFieldDecorator.java:101)
	at org.openqa.selenium.support.pagefactory.DefaultFieldDecorator.decorate(DefaultFieldDecorator.java:62)
	at org.openqa.selenium.support.PageFactory.proxyFields(PageFactory.java:113)
	at org.openqa.selenium.support.PageFactory.initElements(PageFactory.java:105)
	at org.openqa.selenium.support.PageFactory.initElements(PageFactory.java:92)
	at org.openqa.selenium.support.PageFactory.initElements(PageFactory.java:79)
	at com.experian.qa.pages.HomePage.&lt;init&gt;(HomePage.java:12)
	at com.experian.qa.testcases.HomePageTest.setup(HomePageTest.java:26)
	at java.base/java.util.ArrayList.forEach(ArrayList.java:1541)
... Removed 41 stack frames</div></td></tr></table><p class="totop"><a href="#summary">back to summary</a></p>
<h3 id="m6">com.experian.qa.testcases.TermsAndConditionsTest#setup</h3><table class="result"><tr class="param"><th>Parameter #1</th></tr><tr class="param stripe"><td>chrome</td></tr><tr><th>Exception</th></tr><tr><td><div class="stacktrace">java.lang.NoClassDefFoundError: org/openqa/selenium/interactions/internal/Locatable
	at org.openqa.selenium.support.pagefactory.DefaultFieldDecorator.proxyForLocator(DefaultFieldDecorator.java:101)
	at org.openqa.selenium.support.pagefactory.DefaultFieldDecorator.decorate(DefaultFieldDecorator.java:62)
	at org.openqa.selenium.support.PageFactory.proxyFields(PageFactory.java:113)
	at org.openqa.selenium.support.PageFactory.initElements(PageFactory.java:105)
	at org.openqa.selenium.support.PageFactory.initElements(PageFactory.java:92)
	at org.openqa.selenium.support.PageFactory.initElements(PageFactory.java:79)
	at com.experian.qa.pages.TermsAndConditions.&lt;init&gt;(TermsAndConditions.java:16)
	at com.experian.qa.testcases.TermsAndConditionsTest.setup(TermsAndConditionsTest.java:27)
	at java.base/java.util.ArrayList.forEach(ArrayList.java:1541)
Caused by: java.lang.ClassNotFoundException: org.openqa.selenium.interactions.internal.Locatable
	at java.base/jdk.internal.loader.BuiltinClassLoader.loadClass(BuiltinClassLoader.java:581)
	at java.base/jdk.internal.loader.ClassLoaders$AppClassLoader.loadClass(ClassLoaders.java:178)
	at java.base/java.lang.ClassLoader.loadClass(ClassLoader.java:522)
	... 50 more
... Removed 41 stack frames</div></td></tr></table><p class="totop"><a href="#summary">back to summary</a></p>
<h3 id="m7">com.experian.qa.testcases.ConsolidatingOtherDebtsTest#setup</h3><table class="result"><tr><th class="invisible"/></tr></table><p class="totop"><a href="#summary">back to summary</a></p>
<h3 id="m8">com.experian.qa.testcases.ConsolidatingOtherDebtsTest#setup</h3><table class="result"><tr><th class="invisible"/></tr></table><p class="totop"><a href="#summary">back to summary</a></p>
<h3 id="m9">com.experian.qa.testcases.ConsolidatingOtherDebtsTest#setup</h3><table class="result"><tr><th class="invisible"/></tr></table><p class="totop"><a href="#summary">back to summary</a></p>
<h3 id="m10">com.experian.qa.testcases.ConsolidatingOtherDebtsTest#setup</h3><table class="result"><tr><th class="invisible"/></tr></table><p class="totop"><a href="#summary">back to summary</a></p>
<h3 id="m11">com.experian.qa.testcases.HomePageTest#setup</h3><table class="result"><tr><th class="invisible"/></tr></table><p class="totop"><a href="#summary">back to summary</a></p>
<h3 id="m12">com.experian.qa.testcases.HomePageTest#setup</h3><table class="result"><tr><th class="invisible"/></tr></table><p class="totop"><a href="#summary">back to summary</a></p>
<h3 id="m13">com.experian.qa.testcases.ConsolidatingOtherDebtsTest#invalidBorrowAmountLessThen500Test</h3><table class="result"><tr class="param"><th>Parameter #1</th></tr><tr class="param stripe"><td>-3</td></tr><tr><th>Exception</th></tr><tr><td><div class="stacktrace">java.lang.NoClassDefFoundError: org/openqa/selenium/interactions/internal/Locatable
	at org.openqa.selenium.support.pagefactory.DefaultFieldDecorator.proxyForLocator(DefaultFieldDecorator.java:101)
	at org.openqa.selenium.support.pagefactory.DefaultFieldDecorator.decorate(DefaultFieldDecorator.java:62)
	at org.openqa.selenium.support.PageFactory.proxyFields(PageFactory.java:113)
	at org.openqa.selenium.support.PageFactory.initElements(PageFactory.java:105)
	at org.openqa.selenium.support.PageFactory.initElements(PageFactory.java:92)
	at org.openqa.selenium.support.PageFactory.initElements(PageFactory.java:79)
	at com.experian.qa.pages.ConsolidatingOtherDebts.&lt;init&gt;(ConsolidatingOtherDebts.java:43)
	at com.experian.qa.testcases.ConsolidatingOtherDebtsTest.setup(ConsolidatingOtherDebtsTest.java:34)
	at java.base/java.util.ArrayList.forEach(ArrayList.java:1541)
... Removed 41 stack frames</div></td></tr></table><p class="totop"><a href="#summary">back to summary</a></p>
<h3 id="m14">com.experian.qa.testcases.ConsolidatingOtherDebtsTest#invalidBorrowAmountLessThen500Test</h3><table class="result"><tr class="param"><th>Parameter #1</th></tr><tr class="param stripe"><td>3</td></tr><tr><th>Exception</th></tr><tr><td><div class="stacktrace">java.lang.NoClassDefFoundError: org/openqa/selenium/interactions/internal/Locatable
	at org.openqa.selenium.support.pagefactory.DefaultFieldDecorator.proxyForLocator(DefaultFieldDecorator.java:101)
	at org.openqa.selenium.support.pagefactory.DefaultFieldDecorator.decorate(DefaultFieldDecorator.java:62)
	at org.openqa.selenium.support.PageFactory.proxyFields(PageFactory.java:113)
	at org.openqa.selenium.support.PageFactory.initElements(PageFactory.java:105)
	at org.openqa.selenium.support.PageFactory.initElements(PageFactory.java:92)
	at org.openqa.selenium.support.PageFactory.initElements(PageFactory.java:79)
	at com.experian.qa.pages.ConsolidatingOtherDebts.&lt;init&gt;(ConsolidatingOtherDebts.java:43)
	at com.experian.qa.testcases.ConsolidatingOtherDebtsTest.setup(ConsolidatingOtherDebtsTest.java:34)
	at java.base/java.util.ArrayList.forEach(ArrayList.java:1541)
... Removed 41 stack frames</div></td></tr></table><p class="totop"><a href="#summary">back to summary</a></p>
<h3 id="m15">com.experian.qa.testcases.ConsolidatingOtherDebtsTest#invalidBorrowAmountLessThen500Test</h3><table class="result"><tr class="param"><th>Parameter #1</th></tr><tr class="param stripe"><td>text</td></tr><tr><th>Exception</th></tr><tr><td><div class="stacktrace">java.lang.NoClassDefFoundError: org/openqa/selenium/interactions/internal/Locatable
	at org.openqa.selenium.support.pagefactory.DefaultFieldDecorator.proxyForLocator(DefaultFieldDecorator.java:101)
	at org.openqa.selenium.support.pagefactory.DefaultFieldDecorator.decorate(DefaultFieldDecorator.java:62)
	at org.openqa.selenium.support.PageFactory.proxyFields(PageFactory.java:113)
	at org.openqa.selenium.support.PageFactory.initElements(PageFactory.java:105)
	at org.openqa.selenium.support.PageFactory.initElements(PageFactory.java:92)
	at org.openqa.selenium.support.PageFactory.initElements(PageFactory.java:79)
	at com.experian.qa.pages.ConsolidatingOtherDebts.&lt;init&gt;(ConsolidatingOtherDebts.java:43)
	at com.experian.qa.testcases.ConsolidatingOtherDebtsTest.setup(ConsolidatingOtherDebtsTest.java:34)
	at java.base/java.util.ArrayList.forEach(ArrayList.java:1541)
... Removed 41 stack frames</div></td></tr></table><p class="totop"><a href="#summary">back to summary</a></p>
<h3 id="m16">com.experian.qa.testcases.ConsolidatingOtherDebtsTest#invalidBorrowAmountLessThen500Test</h3><table class="result"><tr class="param"><th>Parameter #1</th></tr><tr class="param stripe"><td>3.5</td></tr><tr><th>Exception</th></tr><tr><td><div class="stacktrace">java.lang.NoClassDefFoundError: org/openqa/selenium/interactions/internal/Locatable
	at org.openqa.selenium.support.pagefactory.DefaultFieldDecorator.proxyForLocator(DefaultFieldDecorator.java:101)
	at org.openqa.selenium.support.pagefactory.DefaultFieldDecorator.decorate(DefaultFieldDecorator.java:62)
	at org.openqa.selenium.support.PageFactory.proxyFields(PageFactory.java:113)
	at org.openqa.selenium.support.PageFactory.initElements(PageFactory.java:105)
	at org.openqa.selenium.support.PageFactory.initElements(PageFactory.java:92)
	at org.openqa.selenium.support.PageFactory.initElements(PageFactory.java:79)
	at com.experian.qa.pages.ConsolidatingOtherDebts.&lt;init&gt;(ConsolidatingOtherDebts.java:43)
	at com.experian.qa.testcases.ConsolidatingOtherDebtsTest.setup(ConsolidatingOtherDebtsTest.java:34)
	at java.base/java.util.ArrayList.forEach(ArrayList.java:1541)
... Removed 41 stack frames</div></td></tr></table><p class="totop"><a href="#summary">back to summary</a></p>
<h3 id="m17">com.experian.qa.testcases.ConsolidatingOtherDebtsTest#invalidBorrowAmountMoreThen50000Test</h3><table class="result"><tr><th>Exception</th></tr><tr><td><div class="stacktrace">org.openqa.selenium.NoSuchSessionException: invalid session id
Build info: version: &apos;4.1.1&apos;, revision: &apos;e8fcc2cecf&apos;
System info: host: &apos;LAMU02FN5ZCMD6R.uhc.com.&apos;, ip: &apos;fe80:0:0:0:188a:d6e3:7569:808%en0&apos;, os.name: &apos;Mac OS X&apos;, os.arch: &apos;x86_64&apos;, os.version: &apos;11.5&apos;, java.version: &apos;11.0.11&apos;
Driver info: org.openqa.selenium.chrome.ChromeDriver
Command: [47044171b4c00c08678d4ed3b230f51b, close {}]
Capabilities {acceptInsecureCerts: false, browserName: chrome, browserVersion: 103.0.5060.114, chrome: {chromedriverVersion: 103.0.5060.53 (a1711811edd7..., userDataDir: /var/folders/tq/78q9w4fj581...}, goog:chromeOptions: {debuggerAddress: localhost:55739}, javascriptEnabled: true, networkConnectionEnabled: false, pageLoadStrategy: normal, platform: MAC, platformName: MAC, proxy: Proxy(), se:cdp: ws://localhost:55739/devtoo..., se:cdpVersion: 103.0.5060.114, setWindowRect: true, strictFileInteractability: false, timeouts: {implicit: 0, pageLoad: 300000, script: 30000}, unhandledPromptBehavior: dismiss and notify, webauthn:extension:credBlob: true, webauthn:extension:largeBlob: true, webauthn:virtualAuthenticators: true}
Session ID: 47044171b4c00c08678d4ed3b230f51b
	at org.openqa.selenium.remote.codec.w3c.W3CHttpResponseCodec.createException(W3CHttpResponseCodec.java:200)
	at org.openqa.selenium.remote.codec.w3c.W3CHttpResponseCodec.decode(W3CHttpResponseCodec.java:133)
	at org.openqa.selenium.remote.codec.w3c.W3CHttpResponseCodec.decode(W3CHttpResponseCodec.java:53)
	at org.openqa.selenium.remote.HttpCommandExecutor.execute(HttpCommandExecutor.java:184)
	at org.openqa.selenium.remote.service.DriverCommandExecutor.invokeExecute(DriverCommandExecutor.java:167)
	at org.openqa.selenium.remote.service.DriverCommandExecutor.execute(DriverCommandExecutor.java:142)
	at org.openqa.selenium.remote.RemoteWebDriver.execute(RemoteWebDriver.java:543)
	at org.openqa.selenium.remote.RemoteWebDriver.execute(RemoteWebDriver.java:598)
	at org.openqa.selenium.remote.RemoteWebDriver.execute(RemoteWebDriver.java:602)
	at org.openqa.selenium.remote.RemoteWebDriver.close(RemoteWebDriver.java:428)
	at com.experian.qa.testcases.ConsolidatingOtherDebtsTest.tearDown(ConsolidatingOtherDebtsTest.java:148)
	at java.base/java.util.ArrayList.forEach(ArrayList.java:1541)
... Removed 46 stack frames</div></td></tr></table><p class="totop"><a href="#summary">back to summary</a></p>
<h3 id="m18">com.experian.qa.testcases.HomePageTest#verifyCarInsuranceTabtest</h3><table class="result"><tr><th>Exception</th></tr><tr><td><div class="stacktrace">java.lang.NoClassDefFoundError: org/openqa/selenium/interactions/internal/Locatable
	at org.openqa.selenium.support.pagefactory.DefaultFieldDecorator.proxyForLocator(DefaultFieldDecorator.java:101)
	at org.openqa.selenium.support.pagefactory.DefaultFieldDecorator.decorate(DefaultFieldDecorator.java:62)
	at org.openqa.selenium.support.PageFactory.proxyFields(PageFactory.java:113)
	at org.openqa.selenium.support.PageFactory.initElements(PageFactory.java:105)
	at org.openqa.selenium.support.PageFactory.initElements(PageFactory.java:92)
	at org.openqa.selenium.support.PageFactory.initElements(PageFactory.java:79)
	at com.experian.qa.pages.HomePage.&lt;init&gt;(HomePage.java:12)
	at com.experian.qa.testcases.HomePageTest.setup(HomePageTest.java:26)
	at java.base/java.util.ArrayList.forEach(ArrayList.java:1541)
... Removed 41 stack frames</div></td></tr></table><p class="totop"><a href="#summary">back to summary</a></p>
<h3 id="m19">com.experian.qa.testcases.HomePageTest#verifyCreditCardTabtest</h3><table class="result"><tr><th>Exception</th></tr><tr><td><div class="stacktrace">java.lang.NoClassDefFoundError: org/openqa/selenium/interactions/internal/Locatable
	at org.openqa.selenium.support.pagefactory.DefaultFieldDecorator.proxyForLocator(DefaultFieldDecorator.java:101)
	at org.openqa.selenium.support.pagefactory.DefaultFieldDecorator.decorate(DefaultFieldDecorator.java:62)
	at org.openqa.selenium.support.PageFactory.proxyFields(PageFactory.java:113)
	at org.openqa.selenium.support.PageFactory.initElements(PageFactory.java:105)
	at org.openqa.selenium.support.PageFactory.initElements(PageFactory.java:92)
	at org.openqa.selenium.support.PageFactory.initElements(PageFactory.java:79)
	at com.experian.qa.pages.HomePage.&lt;init&gt;(HomePage.java:12)
	at com.experian.qa.testcases.HomePageTest.setup(HomePageTest.java:26)
	at java.base/java.util.ArrayList.forEach(ArrayList.java:1541)
... Removed 41 stack frames</div></td></tr></table><p class="totop"><a href="#summary">back to summary</a></p>
<h3 id="m20">com.experian.qa.testcases.HomePageTest#verifyLoansTabtest</h3><table class="result"><tr><th>Exception</th></tr><tr><td><div class="stacktrace">java.lang.NoClassDefFoundError: org/openqa/selenium/interactions/internal/Locatable
	at org.openqa.selenium.support.pagefactory.DefaultFieldDecorator.proxyForLocator(DefaultFieldDecorator.java:101)
	at org.openqa.selenium.support.pagefactory.DefaultFieldDecorator.decorate(DefaultFieldDecorator.java:62)
	at org.openqa.selenium.support.PageFactory.proxyFields(PageFactory.java:113)
	at org.openqa.selenium.support.PageFactory.initElements(PageFactory.java:105)
	at org.openqa.selenium.support.PageFactory.initElements(PageFactory.java:92)
	at org.openqa.selenium.support.PageFactory.initElements(PageFactory.java:79)
	at com.experian.qa.pages.HomePage.&lt;init&gt;(HomePage.java:12)
	at com.experian.qa.testcases.HomePageTest.setup(HomePageTest.java:26)
	at java.base/java.util.ArrayList.forEach(ArrayList.java:1541)
... Removed 41 stack frames</div></td></tr></table><p class="totop"><a href="#summary">back to summary</a></p>
<h3 id="m21">com.experian.qa.testcases.TermsAndConditionsTest#validateTitleTest</h3><table class="result"><tr><th>Exception</th></tr><tr><td><div class="stacktrace">java.lang.NoClassDefFoundError: org/openqa/selenium/interactions/internal/Locatable
	at org.openqa.selenium.support.pagefactory.DefaultFieldDecorator.proxyForLocator(DefaultFieldDecorator.java:101)
	at org.openqa.selenium.support.pagefactory.DefaultFieldDecorator.decorate(DefaultFieldDecorator.java:62)
	at org.openqa.selenium.support.PageFactory.proxyFields(PageFactory.java:113)
	at org.openqa.selenium.support.PageFactory.initElements(PageFactory.java:105)
	at org.openqa.selenium.support.PageFactory.initElements(PageFactory.java:92)
	at org.openqa.selenium.support.PageFactory.initElements(PageFactory.java:79)
	at com.experian.qa.pages.TermsAndConditions.&lt;init&gt;(TermsAndConditions.java:16)
	at com.experian.qa.testcases.TermsAndConditionsTest.setup(TermsAndConditionsTest.java:27)
	at java.base/java.util.ArrayList.forEach(ArrayList.java:1541)
Caused by: java.lang.ClassNotFoundException: org.openqa.selenium.interactions.internal.Locatable
	at java.base/jdk.internal.loader.BuiltinClassLoader.loadClass(BuiltinClassLoader.java:581)
	at java.base/jdk.internal.loader.ClassLoaders$AppClassLoader.loadClass(ClassLoaders.java:178)
	at java.base/java.lang.ClassLoader.loadClass(ClassLoader.java:522)
	... 50 more
... Removed 41 stack frames</div></td></tr></table><p class="totop"><a href="#summary">back to summary</a></p>
</body>
</html>
